<?xml version="1.0" encoding="UTF-8"?><testsuite errors="0" failures="0" name="in.co.gorest.gorestapiInfo.UserCRUDTest" skipped="0" tests="4" time="6.1" timestamp="2022-06-05T10:38:46.698+02:00[Europe/Paris]"><testcase classname="in.co.gorest.gorestapiInfo.UserCRUDTest" name="This will create a new User"/><testcase classname="in.co.gorest.gorestapiInfo.UserCRUDTest" name="This will Fetch user by ID"/><testcase classname="in.co.gorest.gorestapiInfo.UserCRUDTest" name="This will Fetch user by ID"/><testcase classname="in.co.gorest.gorestapiInfo.UserCRUDTest" name="This will Delete user by ID"/></testsuite>